
> nogahub-backend@1.0.0 start
> node server.js

🗃️ Using SQLite database for development
Executing (default): SELECT 1+1 AS result
✅ Database connection established successfully.
Executing (default): SELECT name FROM sqlite_master WHERE type='table' AND name='Users';
Executing (default): PRAGMA INDEX_LIST(`Users`)
Executing (default): PRAGMA INDEX_INFO(`sqlite_autoindex_Users_1`)
Executing (default): PRAGMA INDEX_INFO(`sqlite_autoindex_Users_2`)
Executing (default): SELECT name FROM sqlite_master WHERE type='table' AND name='Equipment';
Executing (default): PRAGMA INDEX_LIST(`Equipment`)
Executing (default): PRAGMA INDEX_INFO(`sqlite_autoindex_Equipment_1`)
Executing (default): SELECT name FROM sqlite_master WHERE type='table' AND name='Projects';
Executing (default): PRAGMA INDEX_LIST(`Projects`)
✅ Database models synchronized.
Executing (default): SELECT count(*) AS `count` FROM `Equipment` AS `Equipment`;
Executing (default): SELECT count(*) AS `count` FROM `Users` AS `User`;
🚀 Server running on port 5001
📍 Environment: development
🔒 CORS enabled for: http://localhost:3000
Executing (default): SELECT `id`, `username`, `email`, `password`, `role`, `isActive`, `createdAt`, `updatedAt` FROM `Users` AS `User` WHERE `User`.`email` = 'nadeem@nogahub.com' AND `User`.`isActive` = 1;
Executing (default): SELECT count(`Project`.`id`) AS `count` FROM `Projects` AS `Project` LEFT OUTER JOIN `Users` AS `User` ON `Project`.`userId` = `User`.`id`;
Executing (default): SELECT `Project`.`id`, `Project`.`projectName`, `Project`.`clientName`, `Project`.`userId`, `Project`.`equipment`, `Project`.`globalDiscount`, `Project`.`services`, `Project`.`customServices`, `Project`.`customEquipment`, `Project`.`roles`, `Project`.`total`, `Project`.`isCalculated`, `Project`.`calculationResults`, `Project`.`createdAt`, `Project`.`updatedAt`, `User`.`id` AS `User.id`, `User`.`username` AS `User.username`, `User`.`email` AS `User.email` FROM `Projects` AS `Project` LEFT OUTER JOIN `Users` AS `User` ON `Project`.`userId` = `User`.`id` ORDER BY `Project`.`updatedAt` DESC LIMIT 0, 10;
Executing (default): SELECT COUNT(`id`) AS `totalProjects`, SUM(`total`) AS `totalValue`, COUNT(CASE WHEN isCalculated = true THEN 1 END) AS `calculatedProjects` FROM `Projects` AS `Project`;
Executing (default): SELECT `id`, `username`, `email`, `password`, `role`, `isActive`, `createdAt`, `updatedAt` FROM `Users` AS `User` WHERE `User`.`email` = 'nadeem@nogahub.com' AND `User`.`isActive` = 1;
Executing (default): SELECT count(`Project`.`id`) AS `count` FROM `Projects` AS `Project` LEFT OUTER JOIN `Users` AS `User` ON `Project`.`userId` = `User`.`id`;
Executing (default): SELECT `Project`.`id`, `Project`.`projectName`, `Project`.`clientName`, `Project`.`userId`, `Project`.`equipment`, `Project`.`globalDiscount`, `Project`.`services`, `Project`.`customServices`, `Project`.`customEquipment`, `Project`.`roles`, `Project`.`total`, `Project`.`isCalculated`, `Project`.`calculationResults`, `Project`.`createdAt`, `Project`.`updatedAt`, `User`.`id` AS `User.id`, `User`.`username` AS `User.username`, `User`.`email` AS `User.email` FROM `Projects` AS `Project` LEFT OUTER JOIN `Users` AS `User` ON `Project`.`userId` = `User`.`id` ORDER BY `Project`.`updatedAt` DESC LIMIT 0, 10;
Executing (default): SELECT `id`, `username`, `email`, `password`, `role`, `isActive`, `createdAt`, `updatedAt` FROM `Users` AS `User` WHERE `User`.`email` = 'kareem@nogahub.com' AND `User`.`isActive` = 1;
Executing (default): SELECT count(`Project`.`id`) AS `count` FROM `Projects` AS `Project` LEFT OUTER JOIN `Users` AS `User` ON `Project`.`userId` = `User`.`id`;
Executing (default): SELECT `Project`.`id`, `Project`.`projectName`, `Project`.`clientName`, `Project`.`userId`, `Project`.`equipment`, `Project`.`globalDiscount`, `Project`.`services`, `Project`.`customServices`, `Project`.`customEquipment`, `Project`.`roles`, `Project`.`total`, `Project`.`isCalculated`, `Project`.`calculationResults`, `Project`.`createdAt`, `Project`.`updatedAt`, `User`.`id` AS `User.id`, `User`.`username` AS `User.username`, `User`.`email` AS `User.email` FROM `Projects` AS `Project` LEFT OUTER JOIN `Users` AS `User` ON `Project`.`userId` = `User`.`id` ORDER BY `Project`.`updatedAt` DESC LIMIT 0, 10;
Executing (default): SELECT `id`, `username`, `email`, `password`, `role`, `isActive`, `createdAt`, `updatedAt` FROM `Users` AS `User` WHERE `User`.`email` = 'nadeem@nogahub.com' AND `User`.`isActive` = 1;
Executing (default): SELECT count(*) AS `count` FROM `Equipment` AS `Equipment` WHERE `Equipment`.`isActive` = 1;
Executing (default): SELECT `id`, `code`, `name`, `weight`, `category`, `dealerUSD`, `clientUSD` FROM `Equipment` AS `Equipment` WHERE `Equipment`.`isActive` = 1 ORDER BY `Equipment`.`name` ASC LIMIT 0, 50;
Executing (default): SELECT count(`Project`.`id`) AS `count` FROM `Projects` AS `Project` LEFT OUTER JOIN `Users` AS `User` ON `Project`.`userId` = `User`.`id`;
Executing (default): SELECT `Project`.`id`, `Project`.`projectName`, `Project`.`clientName`, `Project`.`userId`, `Project`.`equipment`, `Project`.`globalDiscount`, `Project`.`services`, `Project`.`customServices`, `Project`.`customEquipment`, `Project`.`roles`, `Project`.`total`, `Project`.`isCalculated`, `Project`.`calculationResults`, `Project`.`createdAt`, `Project`.`updatedAt`, `User`.`id` AS `User.id`, `User`.`username` AS `User.username`, `User`.`email` AS `User.email` FROM `Projects` AS `Project` LEFT OUTER JOIN `Users` AS `User` ON `Project`.`userId` = `User`.`id` ORDER BY `Project`.`updatedAt` DESC LIMIT 0, 10;
